<?xml version="1.0" encoding="UTF-8"?>
<!-- Generated by org.testng.reporters.JUnitReportReporter -->
<testsuite hostname="LAPTOP-GAJESI5S" failures="0" tests="1" name="com.ajio.webautomation.JeansTest" time="7.141" errors="0" timestamp="6 Feb 2022 20:25:52 GMT">
  <testcase classname="com.ajio.webautomation.JeansTest" name="agentDetailsVerification" time="7.141"/>
</testsuite> <!-- com.ajio.webautomation.JeansTest -->
